c:\lcx_test\prog\onecode\onecode\x64\debug\vc143.pdb
c:\lcx_test\prog\onecode\onecode\x64\debug\vc143.idb
c:\lcx_test\prog\onecode\onecode\x64\debug\source2.obj
c:\lcx_test\prog\onecode\onecode\x64\debug\onecode.obj
c:\lcx_test\prog\onecode\x64\debug\onecode.pdb
c:\lcx_test\prog\onecode\onecode\x64\debug\onecode.tlog\cl.command.1.tlog
c:\lcx_test\prog\onecode\onecode\x64\debug\onecode.tlog\cl.read.1.tlog
c:\lcx_test\prog\onecode\onecode\x64\debug\onecode.tlog\cl.write.1.tlog
c:\lcx_test\prog\onecode\onecode\x64\debug\onecode.tlog\link-cvtres.read.1.tlog
c:\lcx_test\prog\onecode\onecode\x64\debug\onecode.tlog\link-cvtres.write.1.tlog
c:\lcx_test\prog\onecode\onecode\x64\debug\onecode.tlog\link-rc.read.1.tlog
c:\lcx_test\prog\onecode\onecode\x64\debug\onecode.tlog\link-rc.write.1.tlog
c:\lcx_test\prog\onecode\onecode\x64\debug\onecode.tlog\link.1812-cvtres.read.1.tlog
c:\lcx_test\prog\onecode\onecode\x64\debug\onecode.tlog\link.1812-cvtres.write.1.tlog
c:\lcx_test\prog\onecode\onecode\x64\debug\onecode.tlog\link.1812-rc.read.1.tlog
c:\lcx_test\prog\onecode\onecode\x64\debug\onecode.tlog\link.1812-rc.write.1.tlog
c:\lcx_test\prog\onecode\onecode\x64\debug\onecode.tlog\link.1812.read.1.tlog
c:\lcx_test\prog\onecode\onecode\x64\debug\onecode.tlog\link.1812.read.2.tlog
c:\lcx_test\prog\onecode\onecode\x64\debug\onecode.tlog\link.1812.write.1.tlog
c:\lcx_test\prog\onecode\onecode\x64\debug\onecode.tlog\link.command.1.tlog
c:\lcx_test\prog\onecode\onecode\x64\debug\onecode.tlog\link.read.1.tlog
c:\lcx_test\prog\onecode\onecode\x64\debug\onecode.tlog\link.read.3.tlog
c:\lcx_test\prog\onecode\onecode\x64\debug\onecode.tlog\link.write.1.tlog
